0.36177   0.475586   0.340638
-0.165429   0.194926   0.4864
-0.173532   -0.30348   0.355297
0.254089   0.111544   -0.359727
-0.394206   -0.337715   -0.0423287
0.0478558   0.0569   0.410435
-0.193573   -0.269387   0.182207
-0.3935   -0.264041   0.146581
-0.111783   -0.0841399   0.388578
0.445347   0.350492   -0.274496
-0.112781   0.0492894   -0.259753
-0.285587   -0.311127   0.192751
0.406876   0.417327   -0.497682
-0.103661   0.182434   -0.165884
-0.0574573   -0.343386   0.400421
-0.417148   -0.0389092   0.448597
0.0385685   0.386457   -0.272267
-0.17437   -0.432356   0.28404
-0.218059   0.220881   -0.415025
0.384187   -0.20157   -0.312176
-0.337195   0.0758543   -0.355213
-0.428363   -0.418326   0.170492
0.264377   -0.117564   -0.346261
-0.465567   0.226684   0.424333
0.00734699   0.298766   0.136149
0.0952141   0.250415   0.0869101
-0.141643   0.374374   0.118937
-0.0373318   0.196019   -0.268769
-0.320022   -0.181902   -0.37732
-0.0464336   0.34783   -0.0406563
0.116349   -0.180263   -0.0110391
0.20218   0.0987325   -0.170421
-0.330573   0.292976   0.189323
-0.245728   -0.3981   0.305704
-0.487699   0.130892   0.19123
-0.0112355   -0.488968   0.150985
0.448663   0.272897   -0.0130752
0.358022   -0.114325   -0.0701535
0.0635481   0.205279   -0.091488
0.290667   0.0726437   0.325223
-0.260628   0.387081   0.039226
-0.482608   0.100935   0.0638688
0.426417   -0.18841   -0.243802
0.17399   0.0779935   -0.42298
0.347261   0.167827   0.294801
0.105185   -0.490795   -0.337009
-0.119499   -0.254593   0.244444
0.248151   0.138399   0.0998287
-0.117897   -0.498237   0.239515
0.447365   0.0283408   0.434704
-0.0231359   0.0451221   0.218804
0.365978   0.0968159   -0.306638
0.21884   -0.122354   -0.267871
-0.249909   0.289785   0.0237752
0.0715235   -0.459833   0.334667
0.473567   0.492517   0.0475575
0.186283   0.112534   0.148461
-0.142083   0.458494   0.0721312
0.229405   -0.359852   -0.340847
0.397261   0.432149   -0.285849
0.318238   0.364057   -0.188858
-0.0453575   0.331127   -0.215769
-0.194799   0.186797   0.2271
-0.42378   0.0956632   0.272214
0.372123   0.311777   0.29361
0.346567   0.159167   0.0923076
0.166551   -0.379369   -0.479307
-0.338775   -0.451053   -0.0475261
-0.229943   0.209117   -0.230901
0.0727196   0.446732   0.0345037
0.240267   -0.463629   -0.470405
0.2054   0.251422   0.263323
0.313017   0.23861   0.264112
0.124222   0.260935   0.24316
0.0885566   -0.434564   -0.0175242
-0.255323   -0.0569457   -0.374462
0.110997   -0.151518   0.0785822
0.280526   0.432776   -0.455114
0.353618   -0.44255   0.120235
-0.0868778   -0.1118   -0.402075
0.324211   -0.200965   -0.0838123
0.296201   -0.216063   -0.423543
-0.363517   -0.127335   -0.336311
0.129123   0.0576076   -0.167706
0.255521   0.47564   0.0628784
-0.0251811   0.443345   -0.0167567
0.48667   -0.0526845   0.147894
0.0285691   0.211955   0.0337862
0.176054   0.478536   -0.279876
-0.00452144   0.389804   -0.18816
-0.210694   -0.060269   0.235048
0.132436   0.188646   -0.401623
0.18238   0.482974   -0.160762
-0.0318477   0.0287496   -0.243956
-0.213308   0.380266   -0.187345
0.401431   0.162461   -0.0534564
-0.310521   0.246227   -0.13032
-0.0570738   0.319673   0.181684
0.0661699   -0.489797   -0.252264
-0.298906   0.081495   0.309825
-0.0916638   -0.351923   0.0638116
0.166691   0.121099   -0.355898
-0.202735   -0.444071   -0.332176
0.490969   0.413103   0.0613613
0.494293   0.40473   -0.048888
0.263147   -0.322412   0.151574
0.12101   0.108946   -0.286124
-0.0505051   0.215954   0.245628
