0.0872969   -0.448052   0.129663
-0.426155   -0.00089446   0.397828
-0.0786064   -0.1917   -0.0586479
0.420824   -0.296868   -0.063315
-0.0526887   0.493277   -0.417139
-0.462605   0.178253   -0.0479827
0.198839   0.319445   0.0383744
-0.0966034   -0.287668   0.38945
-0.326102   -0.432959   -0.347037
-0.0923507   -0.440334   0.226173
0.157573   -0.166444   0.381946
0.0245302   -0.46944   0.389924
0.216173   0.213635   0.456013
-0.33331   0.410567   0.295704
-0.272291   0.111818   0.381312
-0.234945   -0.483168   -0.184242
0.153673   0.489322   -0.169023
-0.446019   0.187556   -0.462576
0.13329   -0.411586   -0.335591
0.388045   0.0668302   -0.175891
-0.148154   0.148428   -0.462487
0.378462   0.225823   -0.279558
-0.384131   -0.157913   -0.226096
-0.114689   0.330082   0.398127
0.358847   0.0265976   -0.413804
0.321859   -0.440509   -0.388703
-0.00107692   -0.0185962   -0.303762
0.348237   0.408654   -0.146555
0.0116812   0.160333   -0.186739
-0.0854433   -0.0644489   -0.497247
-0.421082   0.267728   -0.272819
0.374769   -0.135533   -0.195952
0.0922233   -0.117061   0.0531102
0.401215   0.190472   0.0794223
0.440151   -0.46042   0.284037
-0.237575   -0.280729   -0.149281
-0.394729   -0.0190196   0.113792
-0.135023   -0.414537   0.0221753
0.26404   -0.442185   -0.0147115
0.274616   -0.100203   -0.0380287
-0.240786   0.293012   0.0656095
0.103675   0.34301   -0.289082
0.458212   -0.477765   0.0322719
-0.185092   -0.456862   0.408744
0.196717   -0.3535   0.429737
0.121724   0.0439377   0.194257
-0.188093   -0.0976448   0.0914
-0.231885   0.102827   -0.241275
0.385536   0.318171   -0.45963
-0.413476   0.383368   -0.114162
-0.303272   -0.012177   -0.408428
-0.0134928   0.190732   0.270255
0.110716   -0.194193   -0.155622
-0.174601   -0.120824   -0.272554
-0.0557233   -0.356702   -0.215798
-0.411159   -0.350902   -0.125296
0.244967   -0.318012   -0.192284
0.486652   -0.268248   0.132219
-0.225498   0.345615   -0.424329
-0.461979   -0.204307   0.412869
0.214626   0.231912   -0.147049
0.418514   0.0954987   0.325907
-0.0165533   0.452961   -0.0756462
-0.247536   -0.108324   0.343951
-0.397604   0.191529   0.208369
-0.259006   0.302033   -0.171128
-0.285445   -0.452456   0.160486
0.20734   0.108144   0.005727
-0.439294   0.419373   0.469396
0.472139   -0.326843   -0.297969
-0.306669   -0.211714   -0.447914
0.265011   -0.0901264   0.186195
0.301021   0.388653   0.369749
0.350313   -0.27028   0.261202
-0.342446   -0.209179   0.0296123
-0.093124   0.369221   -0.277696
0.353894   0.396361   0.16195
-0.187991   0.135732   0.16977
-0.213537   -0.269253   0.173869
-0.473803   0.347103   0.083057
0.236334   -0.271449   0.0942584
0.299856   -0.197348   -0.395692
-0.0162901   -0.273822   0.129404
0.199718   -0.017408   -0.237347
-0.0962697   -0.306917   -0.413465
0.0681494   0.0366704   0.39654
0.499634   -0.144474   -0.4004
0.13899   0.441731   -0.483814
-0.270725   -0.047644   -0.104032
0.103154   0.363695   0.30784
0.496275   0.442672   -0.317975
-0.368379   -0.368345   0.353321
0.00127331   0.188423   0.0296373
-0.178217   0.128358   -0.0424712
-0.0193575   -0.0120812   -0.0758786
0.313982   -0.0623676   0.389119
-0.0636779   -0.0455038   0.251974
0.0698871   -0.351527   -0.0589184
0.457741   -0.0977608   0.236011
-0.0357271   0.358929   0.137723
0.279482   0.216524   0.244469
-0.483486   -0.0457967   -0.0536142
-0.44777   0.0281592   -0.280637
0.0918324   -0.198951   -0.345997
0.155175   -0.0348114   -0.442007
0.208553   -0.459583   0.274506
0.478244   0.28041   0.331781
0.0559231   0.191837   -0.394877
