-0.00567309   -1.00796   0.386632
-1.00504   -0.717461   -0.189298
0.620508   0.0372772   -1.82301
-0.465886   0.857047   0.49134
0.171859   -0.550688   0.752564
-0.0476091   0.469455   -0.273695
0.575447   1.481   -0.0970488
-1.50975   -1.31493   -0.585632
2.66979   2.21649   -1.13801
-2.95294   -1.27541   1.58237
0.327517   0.251668   -1.69233
-1.51535   0.177158   0.110695
-1.63635   -0.678047   0.545202
-1.10833   -1.46645   -1.30971
-1.73989   -0.474299   1.21265
1.66912   0.34177   -0.436722
-0.0967593   0.746052   -1.36512
0.563906   -0.0251744   -2.13234
-0.864603   -2.37212   0.324272
0.150903   0.505565   -0.930553
-1.21862   -0.798796   -0.1939
-1.41967   -0.376957   -1.16204
-0.580718   0.819028   -0.0853468
-0.445753   -0.760075   0.502109
-1.13329   1.34386   0.166722
0.283059   0.470309   -0.972973
-0.777062   -2.56027   3.25816
-0.951392   0.348033   -0.473855
-1.44763   1.1369   1.0324
0.756195   2.50701   -0.0971544
0.369737   -1.64016   0.988816
-0.237291   0.262244   2.09083
-0.498483   -0.504995   -2.522
-0.027188   0.55082   0.341081
-0.212626   -1.104   0.258373
1.68711   -0.858546   0.264104
-0.844992   0.296924   -0.205101
0.707518   -1.35271   -0.137359
0.400649   -1.15681   -1.23344
-1.86697   -1.2397   0.572876
-1.0388   -1.59135   -0.592492
-0.122676   -0.00427316   0.487718
-0.351536   0.172226   -0.117042
1.89395   1.17777   2.07325
0.308951   1.24889   0.584342
0.0505638   0.597148   0.862531
0.902713   0.311573   0.124445
0.577068   0.518922   -0.878947
0.835936   0.337726   -1.13455
0.474907   -0.37944   -0.221917
0.275609   -2.38932   0.538405
0.292998   -1.41076   -0.702981
-1.0647   -0.245332   -0.918349
-1.32796   0.946544   -0.182358
-1.09269   -0.179977   0.682148
-0.511611   -0.47622   -0.176161
-0.0210668   0.370107   2.32984
-0.95238   -0.534577   2.59448
0.47702   0.324612   1.1519
-1.55435   1.33058   -0.842361
0.360023   -1.07888   -0.659207
-0.509879   -1.35906   0.304659
1.97953   0.844755   1.61889
-0.328084   -0.113881   -0.649084
0.0738611   -0.945952   -1.66178
-0.464862   0.0093546   0.352734
1.28709   0.614137   0.454827
-0.312629   1.17263   -0.260128
1.19674   1.39688   -0.722969
-0.437707   1.41671   -0.328665
0.392515   0.183847   -0.0227507
-0.397784   1.27995   0.0155987
1.14914   -0.856336   0.232941
1.30084   1.70877   -0.377781
0.299692   0.504413   0.713577
-1.33501   -0.11465   -2.92079
0.969553   -0.452272   2.35252
0.607213   -2.43453   0.302722
-0.0189491   1.20198   0.92915
0.946955   -0.542524   -0.0661418
0.520161   0.0211514   -0.552396
-1.1446   0.0382124   -0.315528
-0.782319   0.833509   -2.0851
-0.842104   1.62768   -0.0646787
0.906127   -0.857029   0.00538001
0.209463   -0.292584   0.186462
0.840788   2.4381   -0.339541
0.526864   -0.558561   -0.531145
0.638775   -0.398133   -0.254743
0.775508   -1.98392   0.4403
0.345073   -1.25429   0.808219
0.509162   1.39813   1.43738
-0.10634   -0.173613   -0.809422
0.727344   -0.368056   0.0489365
-0.049838   -0.489619   -1.20632
-2.2747   0.635644   -0.379692
0.372341   0.238597   0.542415
-0.616881   -0.792963   -1.24817
0.258578   -0.805792   1.22996
2.13087   1.24566   -1.92953
0.954096   1.05792   0.0648523
0.232991   1.86489   0.139738
0.0466683   -0.719717   0.0115075
0.295552   -0.168347   1.54605
0.704565   2.8004   0.117353
0.737145   0.271486   -0.438808
-0.0523022   -1.55715   0.66272
2.98338   0.805144   1.81902
