-0.390306   -0.43505   -0.187031
0.0240244   0.262467   0.141434
-0.287217   0.475845   0.419889
0.111423   0.301114   0.350479
0.387599   -0.143017   -0.165177
0.0855554   -0.0114263   -0.317656
-0.477708   -0.209024   0.472062
0.4409   0.277036   -0.389996
0.412649   -0.0502768   0.27505
0.296468   -0.0781815   0.495939
-0.0724829   -0.413158   -0.0551624
-0.0605714   0.0727945   -0.42662
0.347835   -0.250862   0.0412479
-0.205208   -0.356507   0.238117
-0.314393   0.416342   -0.0671354
0.20764   -0.124357   0.163114
-0.315818   -0.127726   0.0389496
-0.374913   0.0709678   0.0928302
-0.383649   -0.250781   -0.142906
-0.126545   0.300743   0.467161
0.337118   -0.292467   -0.452048
-0.138646   -0.126636   -0.334266
0.208084   -0.303523   -0.116179
-0.171992   0.446993   0.248942
0.359065   0.117565   -0.41602
-0.0328544   -0.363927   -0.324586
-0.318488   0.341547   -0.41355
0.23836   0.317999   -0.371105
-0.00123208   -0.171877   -0.473294
-0.239731   -0.406322   0.0295605
0.138683   0.147267   -0.206469
0.184977   -0.0588815   -0.0720478
-0.0973788   -0.430324   0.44707
-0.415125   0.111203   -0.332547
-0.0465221   -0.260691   0.313044
-0.306318   -0.0840633   -0.495897
-0.467036   -0.35124   0.0150083
-0.136982   0.416565   0.043485
-0.310871   -0.462907   -0.383684
-0.0231669   -0.0478786   0.178965
-0.178539   0.214294   -0.294798
0.488959   0.029738   -0.110773
0.340304   -0.238127   0.357358
-0.474098   -0.0676475   -0.403901
0.463759   -0.25637   -0.285387
-0.429023   0.2896   -0.182112
-0.226979   -0.285668   0.447847
0.0820122   -0.463097   0.322645
0.135461   -0.32948   -0.493176
0.157687   0.423735   0.151342
0.238705   0.43452   -0.154556
0.276621   -0.431195   0.248562
0.158236   0.114084   0.499328
0.342902   0.315671   0.129273
-0.156931   -0.219696   -0.0403859
0.155594   -0.221978   -0.322863
0.228647   -0.399039   -0.301312
0.0491987   0.309106   -0.229744
-0.265024   0.125953   0.486014
0.277305   -0.458736   0.0353892
0.308502   0.0852509   0.364852
-0.420955   -0.358848   0.34479
0.0148342   -0.226089   -0.163466
0.0394576   0.265014   -0.436387
0.231402   0.478651   0.450889
0.0441304   0.435686   -0.0177795
0.435125   0.212929   -0.0135552
-0.101652   -0.0134642   -0.151054
0.0572602   0.460884   -0.39347
0.479698   0.171555   0.217126
0.387526   0.478911   -0.345593
-0.136261   0.422589   -0.3777
0.388317   -0.378858   -0.151141
-0.177286   0.218707   0.123825
-0.272955   0.0416644   0.266544
0.160301   -0.322139   0.129411
-0.402355   -0.150722   0.285698
0.456441   -0.438016   0.486757
0.441136   0.401128   0.290357
0.470329   0.476904   0.0735057
-0.337629   -0.261493   -0.387399
0.444527   0.42435   -0.131551
-0.344163   -0.06871   -0.227949
-0.099372   0.419331   -0.188696
0.12451   0.0795212   0.252771
-0.440956   0.316014   0.419536
-0.356056   0.495224   0.190354
-0.319945   0.241375   0.260595
0.323103   0.0628315   0.127578
-0.275019   0.184132   -0.0539027
-0.199939   -0.144487   0.191624
0.350427   0.210977   -0.216847
-0.413718   0.29975   0.0744148
0.213321   0.260636   -0.0188886
0.122361   -0.0815137   0.370085
-0.0288589   0.251832   -0.0576271
0.289587   -0.0258739   -0.307926
0.0709264   -0.453346   -0.18615
-0.141273   -0.0601372   0.404357
0.0418278   0.0626197   0.0325225
-0.17388   0.00792913   0.0353756
-0.195823   -0.348894   -0.211184
-0.121862   0.158707   0.330007
-0.477743   0.019528   0.418124
0.0211062   -0.217972   0.0339235
0.294921   0.277891   0.438053
0.00863203   -0.445031   0.153863
0.487976   -0.0779391   0.0836065
