0.307968   -0.33575   0.0794
-0.339178   -0.00499044   0.443581
0.00384124   0.21482   0.381238
-0.128663   0.373848   -0.164738
0.389179   0.382925   -0.265468
0.284959   0.436659   -0.316032
0.0620628   0.0916884   0.3187
-0.373899   0.2456   -0.254728
0.377677   -0.368085   -0.387793
0.47608   0.295887   0.45846
0.436902   -0.123306   -0.146075
-0.307868   -0.173035   0.309568
0.0928458   0.300634   0.209135
0.170448   -0.332342   -0.168429
-0.300184   0.332289   -0.282859
-0.279038   -0.461156   -0.0481389
0.196408   0.0934083   -0.0560659
-0.31923   0.133189   0.20011
0.118594   0.397981   -0.362201
-0.10081   0.332054   -0.0120728
0.416816   0.0276206   -0.334789
-0.0514715   0.427994   0.237215
0.0819384   -0.0998061   -0.224252
0.439352   -0.172524   -0.323442
0.25926   0.491939   0.172473
-0.105028   0.324175   0.19409
0.300411   0.0433421   0.149425
-0.307248   -0.2012   -0.0270254
-0.320473   0.0730955   0.489996
0.444345   0.44058   0.289348
0.314809   0.116847   0.138312
0.360906   0.234296   0.0701503
0.0220872   0.046484   -0.26848
0.34321   0.251732   -0.489013
-0.248515   0.461047   -0.342971
0.15542   0.338825   0.224618
-0.0266727   0.385888   -0.239662
-0.141952   -0.28625   -0.297669
0.108102   0.393865   0.0772773
0.263781   -0.112328   -0.35564
-0.436736   0.419033   -0.260405
-0.261725   0.353744   -0.18251
0.452054   -0.217615   -0.238889
-0.0257101   -0.165584   0.194315
0.304668   0.312333   0.0616331
-0.036958   0.486243   0.0655147
-0.345096   -0.159084   -0.367594
0.113722   -0.382038   -0.0150311
0.148625   0.324423   -0.222063
0.406312   0.21045   0.307499
-0.160977   0.186695   0.397228
0.409693   -0.165639   -0.428812
0.350042   0.380597   -0.167754
-0.434934   -0.431512   0.0706488
0.371032   -0.396044   0.369904
-0.294084   -0.246731   0.0435888
-0.039687   0.0178339   0.171391
-0.283665   0.253469   -0.0213618
0.298362   -0.125871   0.265943
0.477053   -0.0612714   0.277135
0.445232   0.291856   -0.272299
0.302054   -0.226   0.130544
0.161297   0.196769   -0.057163
0.00936237   0.0101335   -0.453729
-0.125285   0.433345   0.191144
0.352007   0.130397   -0.450314
0.287203   -0.0814191   -0.264185
-0.471067   -0.186694   -0.150188
-0.268145   0.15473   -0.0473188
0.00979173   -0.436281   0.478139
-0.193089   0.382089   0.242196
-0.111358   0.371216   -0.41077
-0.130689   0.0186973   0.331731
0.414813   0.0488642   0.187602
-0.336551   0.440931   0.141684
0.295155   -0.381244   0.154708
0.335636   0.401309   0.352794
0.498623   -0.386665   0.138369
-0.432115   0.274436   0.297662
0.273644   -0.205085   -0.423928
-0.219196   -0.0271967   0.433982
-0.0378718   0.0904394   -0.0256678
-0.110018   -0.302532   0.339013
0.224004   0.377482   -0.0979244
0.163415   -0.308378   -0.256077
0.265129   -0.0903855   0.330883
-0.0161297   0.31222   0.184367
-0.458106   0.45362   0.0491665
0.294695   0.391809   -0.236677
0.423185   0.328143   0.407146
0.473411   -0.497796   -0.158043
-0.247835   -0.0482654   -0.43915
0.408239   0.464682   -0.328031
0.174618   -0.100497   -0.367562
0.340526   0.0411541   -0.375244
0.412478   0.0453986   -0.0764886
0.115529   0.0302778   -0.0609053
-0.306994   0.336849   0.0100575
0.384694   -0.323443   0.0410391
-0.366677   0.383537   -0.24248
0.312937   -0.361568   -0.0876954
0.425944   -0.371322   -0.0523685
-0.388502   -0.232034   0.240545
-0.335555   0.107752   -0.0625688
0.361793   -0.201795   -0.305041
0.442956   -0.2887   -0.040769
-0.0660454   0.0299704   -0.134699
-0.0761409   -0.102289   -0.201833
