0.692045   0.979568   -1.75512
0.560337   0.247044   -0.497208
-0.318971   0.0944616   -0.579634
-0.350469   1.51059   -1.33385
0.319019   -0.368144   1.36182
-0.448537   0.72128   1.85889
0.0579149   -0.00389565   -0.237368
0.420735   0.138195   -0.374805
-0.906445   0.432911   -0.352035
-0.465477   -1.97432   0.732342
0.791719   0.367743   0.823086
1.30343   -0.479837   1.24836
0.599651   1.94306   0.808361
0.315835   0.657828   -0.168453
0.658274   -0.559424   -0.164063
-1.2971   0.0581569   0.0424056
1.56437   0.191731   -1.89478
-1.82011   0.119882   2.13483
-1.75624   0.38586   -1.3957
0.490855   -0.0459557   -1.55237
1.14281   -2.35607   0.339209
0.346879   0.556297   1.7097
-0.235893   -1.17542   -1.38794
-0.546458   -0.241419   -2.55111
0.022326   -0.463857   0.682705
0.349624   -1.18062   -0.81709
-1.59183   -0.253521   -0.64272
1.00923   -0.412894   1.06173
1.16855   -1.8794   0.754593
-0.274401   0.682686   2.90525
0.499763   0.739705   0.225428
-1.1708   0.911839   0.575128
-2.39868   -1.87263   -1.37525
-1.92367   -1.07996   -0.961124
0.45243   0.105713   0.00932938
-0.773142   0.406757   2.23008
1.26642   -0.886992   1.04026
0.58145   -1.30512   -0.0527174
0.213625   1.43432   -0.550377
1.0469   0.192383   -0.0649319
0.588417   0.88429   -1.13498
0.259516   1.8943   0.609042
0.440531   0.441993   -1.61384
-0.290424   -1.52836   0.355632
-0.80063   2.19623   0.893979
1.41265   -0.910509   -1.56713
-1.48344   0.0596886   0.54385
0.401474   0.0111098   0.830529
-0.511568   -0.0772864   1.9393
-0.323911   -3.85767   -0.21474
-0.330457   1.84448   -0.215192
-0.458489   -0.624872   -1.33604
-1.67263   1.74985   0.888054
0.393071   0.980903   0.706039
0.902227   -2.08931   0.163533
0.699518   0.989347   -1.73864
-0.409948   2.05071   -0.245119
1.05633   -1.49188   -1.70903
-0.814149   0.720174   0.0594955
0.641287   -1.20667   1.11806
-0.676045   0.0830278   0.618685
-1.10499   -0.456912   -0.684003
1.44491   -0.390029   1.42574
-0.516011   0.100547   1.2058
-0.274811   1.01041   0.208092
-1.1598   -0.910015   -0.482267
1.50381   0.35267   1.55405
2.08259   0.654364   -0.516221
0.617913   0.122173   -0.303619
-0.617647   0.135696   2.01517
1.23912   -0.963507   0.891551
-0.328983   -0.688949   -1.16498
0.398589   0.149881   -0.615996
1.01614   -0.599171   0.26737
-1.06823   -1.91696   0.147499
0.504973   -0.109506   -0.0435702
-0.449403   0.816926   -3.16695
-0.264381   2.1296   0.292086
-1.10588   1.2317   1.02281
0.376224   0.683918   0.588072
-0.233217   -0.180453   -0.507667
0.830214   -1.16414   0.904109
0.947923   -0.405383   -0.94036
-1.76821   -0.202427   -0.0502423
0.822273   0.575328   1.85567
-2.25819   -0.607724   0.662067
-0.0190011   -0.0452464   -1.8698
2.3015   1.84757   -1.49229
0.00776809   0.118441   -2.10246
-1.41516   1.31572   0.75108
-1.1751   0.751486   0.716854
-0.724518   1.14179   -0.129687
0.0799634   -0.399503   3.59336
0.264884   -0.101174   -0.160428
1.13794   0.0110073   -0.866813
0.281001   0.00903254   -0.117097
0.140756   -0.272202   -0.281237
-0.667152   0.643209   1.32442
0.50136   -0.441835   -0.207498
1.56165   -1.79032   -0.831152
1.2394   0.191388   -1.78211
0.325656   0.0134569   -0.246116
-0.43626   0.369625   0.0596869
-0.162508   -0.222066   -0.703444
-0.20951   0.0832741   0.425677
-0.414639   -2.38943   -0.519181
-0.477865   1.93765   -0.781592
-1.3944   -0.597989   -0.130808
