0.440483   0.379878   0.430833
-0.338238   0.475975   -0.463492
0.483895   -0.244725   -0.183552
-0.263294   0.488785   -0.435765
-0.153048   -0.212042   0.200061
-0.113617   -0.411143   -0.440169
-0.0118685   -0.321185   -0.258409
-0.0956248   0.406611   0.0288234
0.243795   -0.499386   0.332111
0.459922   0.326226   -0.271357
0.276118   -0.0315478   -0.330403
0.214097   0.471116   -0.246132
0.481917   0.150638   -0.44432
-0.0117863   -0.0243568   -0.384851
-0.466242   -0.211389   -0.244679
-0.206898   -0.461718   -0.218427
-0.0971521   0.0715544   -0.188384
0.197514   0.027057   0.359872
-0.253328   0.275414   -0.291452
-0.111351   -0.333325   -0.386143
0.30213   -0.223245   -0.273251
0.324026   0.420258   -0.391595
-0.0829158   0.104942   -0.456179
0.228213   -0.151482   0.438327
0.455612   0.0720969   -0.383292
-0.317856   0.234185   0.42946
-0.461543   -0.000836406   -0.46975
-0.324635   0.211129   -0.313983
0.0108747   0.152847   0.211602
0.100012   0.230614   0.478791
-0.264842   0.306089   0.333392
0.0486653   0.0857017   0.47551
0.385312   0.211022   -0.46297
0.0132838   0.416014   -0.232127
0.305729   0.229933   -0.479486
0.0617414   0.418888   -0.487297
-0.430225   -0.444851   0.0227376
-0.0944285   -0.181526   -0.172843
-0.420535   0.408158   -0.164181
-0.454878   0.31109   -0.275856
-0.0160785   0.411121   0.233739
-0.0587266   -0.296181   -0.447739
0.0629707   -0.324145   0.0545152
-0.20218   0.328277   -0.398229
0.462727   0.482762   -0.0499324
0.177551   -0.426203   -0.286308
0.155871   -0.35986   0.0291325
0.385445   -0.293083   -0.0192909
-0.461339   -0.172371   -0.0208415
0.469866   -0.0707491   0.305415
0.462759   -0.162626   -0.232461
0.496785   -0.260208   -0.0881747
-0.157179   -0.0485492   0.168206
0.0817311   -0.231487   -0.264457
-0.414329   -0.0817883   0.298826
-0.0967583   0.173875   0.154024
0.277441   0.272985   -0.297031
0.191884   0.027495   -0.306438
0.110305   -0.0164192   -0.238687
0.0930116   0.467599   -0.151208
0.476301   0.114025   -0.21948
-0.492096   0.387305   -0.237487
0.322385   0.304952   -0.200428
-0.311708   0.336561   -0.112568
-0.088098   0.0272134   0.0313292
-0.213042   0.145016   -0.201475
-0.230091   0.309368   -0.0106965
-0.146555   0.292541   0.280408
0.357153   0.331112   -0.0288001
0.316424   0.258074   -0.107793
0.105786   -0.267603   -0.170257
0.292753   0.343578   0.0716056
-0.143128   -0.315132   0.142877
-0.299917   0.382646   0.0372177
0.447004   -0.417114   0.282473
-0.376902   -0.315007   0.178865
-0.0170963   -0.366684   0.0691156
0.0595069   -0.340756   0.435003
-0.0148741   -0.419665   -0.427291
-0.0185601   -0.461362   0.470525
0.188661   0.0868145   0.290848
0.350059   -0.47336   0.369108
0.454593   0.208373   0.0420772
0.480707   -0.469223   0.481477
-0.442574   0.0737933   0.335537
-0.436589   0.0164214   0.427541
-0.372874   0.359483   0.397634
-0.278338   -0.112489   0.481791
-0.257679   -0.275212   0.0933356
0.122411   0.0216279   0.285065
0.0177393   -0.314644   0.168195
-0.253207   0.0656279   0.45939
0.194256   -0.209684   0.270568
0.284005   -0.206662   0.268714
0.205764   -0.119337   0.25462
-0.439464   0.142511   0.00845828
-0.206163   0.258113   0.417547
-0.297001   0.162221   0.352294
-0.364604   -0.440527   0.35902
-0.301584   0.342351   0.43647
-0.211054   0.125106   0.123078
0.0809732   0.231576   0.20035
-0.290017   0.380363   0.339736
-0.214117   -0.0412317   0.408499
0.0268911   0.119511   0.0760189
0.267363   0.11249   0.287317
0.176509   0.238356   0.359266
-0.371273   0.3012   0.277064
