0.36513   -0.291724   0.258349
-0.454466   -0.155908   0.255703
0.273145   -0.195505   -0.431209
-0.266404   -0.14794   0.469616
-0.136615   -0.22757   -0.372594
0.144431   -0.293068   0.356469
-0.472859   -0.163924   -0.492474
-0.0853276   -0.302667   0.44679
0.130727   0.445107   0.300025
0.244968   -0.366599   -0.300106
0.0798473   -0.25647   -0.440361
-0.231524   -0.338276   -0.228516
0.274495   -0.075239   0.360109
-0.221549   0.150527   -0.437179
-0.372314   0.00989245   -0.478974
-0.138412   0.324548   -0.432539
-0.137538   0.00396848   0.438035
0.0250549   0.24065   0.260964
-0.35932   0.32856   -0.288706
-0.147815   0.0918305   -0.25967
0.273618   0.139459   0.339352
-0.000557406   0.182828   -0.483045
-0.0495201   -0.497201   0.413957
0.353298   0.204115   -0.473022
0.404029   -0.342554   0.481985
-0.249999   -0.265279   0.296558
0.0754305   -0.470368   -0.405608
0.394582   -0.437837   -0.17981
-0.427932   -0.373328   0.33895
-0.188466   -0.472969   0.27469
-0.464853   0.483584   -0.477328
-0.303368   -0.356657   -0.431907
0.0492886   0.331462   -0.332568
0.2827   -0.447618   0.361412
0.0289113   -0.34757   -0.260651
-0.236985   0.489898   0.482357
0.379889   -0.0188474   -0.454205
0.467002   -0.370847   -0.339611
0.320175   -0.159356   -0.173122
0.487276   -0.402504   0.164937
-0.234768   -0.203721   -0.0431322
-0.129431   -0.491691   -0.352139
-0.219369   0.0128128   -0.00966055
-0.0965274   -0.0666667   -0.153702
0.0881884   -0.167009   -0.248795
0.208205   -0.0198999   -0.322143
0.178263   -0.222904   -0.0224288
0.00439689   -0.100385   0.0285788
-0.395808   -0.256385   -0.259754
-0.407086   0.152831   -0.0376987
0.297086   0.0986672   -0.14538
0.423146   -0.0347682   -0.0402491
-0.46011   -0.0442363   -0.298354
-0.0271268   -0.024484   -0.368933
-0.379661   -0.396729   -0.0696068
0.026337   0.197789   -0.193151
0.13946   0.0247946   0.473062
0.197599   0.208541   -0.319175
0.466291   0.137979   -0.249339
0.10439   -0.00361422   -0.125224
0.429261   0.317469   -0.314756
0.470568   0.472542   -0.00742463
0.223184   0.447212   -0.23484
-0.32563   0.428334   0.130106
-0.18481   0.456606   -0.146633
0.202135   -0.407393   -0.0733271
-0.310303   -0.0681321   -0.176056
-0.0049567   -0.302442   -0.0671083
0.0315135   0.455814   -0.126329
0.318868   0.464437   -0.430676
0.380059   0.317868   -0.133628
0.197474   0.290322   -0.109568
0.379538   -0.323563   -0.0178024
-0.283614   -0.101741   0.144765
-0.434181   -0.183244   -0.00287216
-0.0811316   -0.197374   0.181051
-0.231993   -0.0653838   -0.351403
0.129312   0.0150365   0.204209
-0.310662   0.0713046   0.261734
-0.0112163   -0.368147   0.25403
0.134458   -0.181977   0.183916
0.234071   -0.0193904   0.0285541
0.0184804   -0.116019   0.380561
0.392077   -0.0917481   0.155758
0.377606   0.194857   0.0306457
-0.381726   0.352106   -0.0708501
-0.476647   0.058595   0.141472
-0.346627   0.288091   0.375783
-0.20604   0.215507   -0.118729
-0.0322423   0.114873   -0.0162765
-0.280718   0.176903   0.114165
-0.0899636   0.0892611   0.188587
0.275386   0.414159   0.0291417
0.444223   0.0301689   0.34205
0.307851   0.370183   0.236218
0.182977   0.301124   0.476559
0.479055   0.22109   0.303943
0.269851   -0.413198   0.150356
0.494387   0.43958   0.342664
-0.165673   0.204241   0.386369
-0.146172   0.347169   0.132788
-0.12289   -0.437433   0.0709343
-0.302076   -0.36244   0.12002
0.17232   0.208344   0.0907579
0.084327   0.377306   0.0674341
0.488436   0.358915   0.148465
0.0728274   -0.412142   0.0907312
-0.449169   0.220402   -0.424084
