-0.484703   0.448636   -0.481752
-0.318896   -0.415712   -0.48029
-0.475683   -0.378695   -0.32177
-0.302102   0.438023   -0.324431
-0.150083   0.427384   -0.491558
0.00569579   -0.398318   -0.485405
-0.152986   -0.3985   -0.301835
-0.0109603   0.408113   -0.322241
0.172695   0.440769   -0.464226
0.354921   -0.406732   -0.469166
0.194855   -0.402378   -0.313189
0.336492   0.414285   -0.300414
-0.491269   -0.250015   -0.48811
-0.323336   -0.0820009   -0.486284
-0.494833   -0.0560766   -0.323155
-0.296995   -0.236853   -0.33449
-0.130469   -0.213823   -0.499818
0.0387796   -0.0771309   -0.480127
-0.12893   -0.0645802   -0.341419
0.00532052   -0.237948   -0.328199
0.178059   -0.227477   -0.498203
0.343225   -0.0574605   -0.475757
0.181322   -0.0769021   -0.324372
0.349374   -0.227415   -0.310654
-0.490552   0.117556   -0.487731
-0.328255   0.250377   -0.478714
-0.478664   0.270934   -0.314862
-0.32934   0.0809006   -0.298434
-0.151398   0.102006   -0.49437
0.0178503   0.257917   -0.483105
-0.150574   0.24549   -0.330703
0.0198018   0.103902   -0.305467
0.194448   0.114308   -0.485864
0.339661   0.288115   -0.47741
0.163277   0.268034   -0.317112
0.352094   0.111811   -0.324901
-0.482591   0.426416   -0.14979
-0.296726   -0.414796   -0.146328
-0.490932   -0.402203   0.0122965
-0.314082   0.440382   0.00871938
-0.149466   0.411082   -0.153438
0.0157238   -0.410216   -0.143552
-0.148025   -0.410847   0.00677449
0.0260967   0.44495   0.0233432
0.162801   0.454752   -0.15364
0.338472   -0.390958   -0.149701
0.194756   -0.386052   0.020011
0.337422   0.446198   0.00472834
-0.481501   -0.242862   -0.161185
-0.330621   -0.082297   -0.161852
-0.478238   -0.0502207   0.0168784
-0.338347   -0.230117   0.00460597
-0.140829   -0.222201   -0.143344
0.0227265   -0.0678787   -0.150426
-0.175046   -0.0726933   0.0267519
0.0269961   -0.229505   0.0185553
0.173693   -0.219358   -0.166041
0.371982   -0.0694753   -0.159349
0.191404   -0.0487311   0.00330627
0.3673   -0.225665   -0.0165758
-0.493738   0.10792   -0.166087
-0.317391   0.27506   -0.165791
-0.463364   0.274571   0.0298648
-0.32279   0.111887   -0.00511177
-0.135169   0.0739119   -0.140676
0.0289496   0.274519   -0.159168
-0.133132   0.264243   0.000606255
0.0220316   0.110069   0.0056699
0.162586   0.0876864   -0.169831
0.33333   0.276031   -0.135067
0.162541   0.278084   0.0188734
0.32699   0.103734   -0.0039357
-0.471438   0.443704   0.169919
-0.32039   -0.386035   0.170635
-0.483226   -0.386025   0.33614
-0.315975   0.427614   0.350766
-0.142073   0.430518   0.165069
0.0219855   -0.384081   0.177069
-0.144918   -0.401125   0.356855
0.0247514   0.450868   0.335512
0.179107   0.437086   0.178305
0.365627   -0.419597   0.187054
0.185406   -0.388499   0.322077
0.319656   0.430122   0.353832
-0.496597   -0.2248   0.177678
-0.316851   -0.0554693   0.19851
-0.481551   -0.0667813   0.346686
-0.307623   -0.244133   0.354879
-0.13899   -0.241953   0.155299
0.0205731   -0.0679501   0.182187
-0.154537   -0.064204   0.340498
0.0264785   -0.212703   0.337079
0.212129   -0.233356   0.167429
0.351435   -0.0651177   0.176356
0.189058   -0.0528118   0.350942
0.364591   -0.224603   0.338793
-0.49511   0.106631   0.181804
-0.301199   0.26338   0.174852
-0.498229   0.279821   0.334728
-0.309952   0.102845   0.351527
-0.160455   0.0970247   0.185966
-0.00331667   0.258146   0.195853
-0.158279   0.253941   0.357251
0.00647252   0.0714686   0.347252
0.177536   0.095478   0.163727
0.336778   0.268425   0.167923
0.17612   0.259488   0.326051
0.351163   0.102219   0.35447
