-0.387775   0.116159   0.338176
-0.404264   0.00666001   -0.475762
-0.332828   0.255011   -0.196968
0.493946   -0.154063   0.161119
0.0382696   0.330495   -0.135067
-0.00241832   0.232854   -0.338941
0.187892   -0.101153   -0.369783
-0.188462   -0.334549   0.208681
-0.358049   0.371396   0.0980462
0.244928   -0.0813376   0.176612
-0.194125   -0.0908584   -0.494445
-0.407091   -0.308862   0.237459
-0.00467044   -0.0643183   -0.0911085
-0.455688   -0.48727   -0.0543823
0.385616   -0.050713   -0.246372
0.0821444   0.381465   -0.441435
0.436844   0.0496517   0.284493
0.1242   0.207058   0.175317
0.204734   -0.12968   -0.176331
0.0130983   0.136548   -0.00598871
0.00941764   -0.400415   0.219026
-0.256303   0.149021   -0.425389
0.0375996   0.376709   0.100324
-0.0464442   0.0715682   -0.492492
-0.439864   0.311974   0.39541
0.015159   -0.277449   -0.198444
-0.192924   0.490542   -0.265745
-0.143153   0.249729   0.446703
-0.300842   -0.0851623   0.276115
-0.0900401   -0.145834   0.281587
0.464535   0.273252   -0.168174
0.0937909   0.0955592   -0.233508
-0.354691   0.0121817   0.0814708
-0.0661927   -0.317162   0.00930232
0.21122   0.441429   -0.122242
0.395715   -0.0530677   -0.481778
0.494254   -0.279369   -0.0163878
-0.09826   -0.109482   0.0883892
0.405912   0.46238   -0.20097
0.0392331   -0.140625   -0.491365
-0.478701   0.18759   -0.374797
0.217148   0.122497   -0.380719
-0.247558   -0.477418   -0.00464604
0.362126   -0.303275   -0.407327
0.00437578   0.442422   0.369095
0.362566   -0.114127   -0.0179702
-0.472659   -0.469823   0.477259
0.161768   -0.205427   0.0320934
-0.153571   0.0941083   0.14211
0.299179   0.150064   0.106432
0.357914   0.1897   0.46176
0.105519   -0.209492   0.30267
0.362577   0.413362   -0.402473
-0.189417   -0.0052396   -0.0464771
0.255719   0.386748   0.354791
-0.114602   0.473106   -0.462648
-0.405426   0.363881   -0.405615
0.218787   0.256193   -0.052632
0.240623   -0.249714   0.459285
0.312377   -0.274322   0.137605
0.11049   -0.438538   0.0228242
0.236347   0.421401   0.0897662
-0.146178   0.466372   0.166336
-0.183231   0.308745   -0.339853
-0.455991   -0.14754   0.388657
-0.452797   0.179821   0.145247
-0.0186066   -0.456652   -0.102885
-0.226709   -0.243498   -0.350684
0.448031   0.364367   0.0426073
-0.193531   0.0668257   0.352508
-0.161193   0.356052   -0.0861982
-0.0826949   -0.301671   0.455496
0.042125   0.0263458   0.305706
0.240044   -0.406285   0.281547
0.379909   -0.279065   -0.177531
-0.420849   -0.121814   -0.302389
0.0965945   -0.41462   0.457973
-0.0226349   -0.0967354   -0.278499
0.00496319   0.486576   -0.293836
0.323737   -0.416006   -0.0372953
-0.318694   -0.342634   -0.177441
-0.274769   -0.239494   0.38623
0.410006   0.082559   -0.0631224
-0.0365374   0.226763   0.280466
0.183779   0.0277929   -0.0602612
-0.196849   -0.0216322   -0.274696
0.202814   -0.417556   -0.373792
-0.277545   -0.404873   -0.455614
0.228865   0.102605   0.313311
0.337979   0.150145   -0.232486
-0.289284   0.193351   -0.0122357
-0.43249   -0.466402   -0.31762
0.430674   0.494892   0.270462
-0.115877   0.153065   -0.170818
0.140613   0.239158   0.432329
-0.431811   -0.275434   -0.422551
-0.175262   -0.191778   -0.135204
0.178062   0.312459   -0.281187
-0.439526   0.0644423   -0.21508
-0.331653   -0.484377   0.234016
0.1785   -0.0523049   0.430009
-0.26879   0.436131   0.428037
-0.262614   0.277582   0.276813
-0.405548   -0.134149   -0.100048
0.414981   -0.28411   0.310748
-0.300206   -0.264257   0.0493143
0.406348   0.281013   0.276918
0.0740705   0.00198291   0.120482
