0.480897   0.475761   0.496214
-0.333778   -0.355361   0.499051
-0.485997   -0.339273   -0.343622
-0.306439   0.481842   -0.336904
-0.144308   -0.492031   -0.495837
0.0169726   -0.334618   0.485516
-0.171547   -0.335491   -0.330472
-0.00591516   -0.490715   -0.322358
0.179274   -0.498926   0.48395
0.337108   -0.306653   -0.495045
0.170553   -0.349554   -0.321952
0.349709   -0.48338   -0.337037
-0.493886   -0.157287   -0.483807
-0.303227   0.0106788   0.489259
0.48693   0.00634223   -0.339076
-0.328837   -0.170386   -0.339511
-0.176348   -0.159702   0.476672
-0.00600944   -0.0125335   -0.494297
-0.152732   -0.0126936   -0.324764
-0.0179817   -0.185978   -0.334411
0.161089   -0.165054   -0.48783
0.338813   0.002614   0.496476
0.177504   -0.00223699   -0.344376
0.339327   -0.183133   -0.312367
0.498218   0.166131   -0.490702
-0.334134   0.344876   0.496755
-0.491023   0.313087   -0.325208
-0.328507   0.157339   -0.329066
-0.165689   0.17503   0.496664
-0.00275001   0.338504   -0.483744
-0.155065   0.322255   -0.321791
0.00402247   0.170373   -0.342848
0.159185   0.175565   -0.497619
0.333569   0.320091   -0.486135
0.164746   0.339663   -0.314255
0.335922   0.175292   -0.318892
0.49518   -0.488665   -0.176527
-0.330221   -0.339049   -0.157519
-0.497748   -0.333434   0.00196407
-0.328547   -0.488143   -0.0109612
-0.153316   0.483888   -0.154862
0.00489451   -0.326891   -0.171956
-0.159811   -0.338257   -0.00327577
0.00548911   -0.497185   -0.00210935
0.17827   -0.499682   -0.171769
0.324355   -0.342955   -0.159047
0.173178   -0.334288   -0.00265652
0.348986   -0.498482   0.0162501
-0.486838   -0.168097   -0.178572
-0.321293   -0.012204   -0.184681
-0.494722   0.0110836   0.00574664
-0.36173   -0.169784   0.0176439
-0.173722   -0.190757   -0.156702
0.013872   0.00456554   -0.151776
-0.182429   -0.0175333   0.0116614
-0.00329005   -0.17151   0.00439644
0.174317   -0.16018   -0.166017
0.328963   -0.00177468   -0.180491
0.169514   0.000584743   -0.0162378
0.345916   -0.16485   -0.011628
-0.49678   0.150473   -0.171535
-0.336036   0.324488   -0.169229
0.495666   0.336057   -0.00494304
-0.33369   0.159504   -0.00922926
-0.16668   0.133015   -0.181396
0.00165041   0.338369   -0.159936
-0.174337   0.323272   0.0100313
0.00988118   0.177632   -0.00777418
0.163154   0.174889   -0.180163
0.33947   0.341061   -0.164743
0.172862   0.356347   -7.83662e-005
0.331907   0.166307   -0.00636255
0.484353   -0.49173   0.183824
-0.351548   -0.357818   0.167406
0.486523   -0.332801   0.323453
-0.357899   -0.496899   0.340319
-0.175846   -0.47655   0.163539
0.00629862   -0.338124   0.172547
-0.177865   -0.332817   0.331816
-0.00840792   0.481982   0.323571
0.183545   -0.492494   0.164491
0.324818   -0.325669   0.187173
0.165732   -0.340453   0.347664
0.319199   0.49917   0.340715
0.489506   -0.146865   0.18571
-0.328495   0.00112488   0.175294
0.494737   0.0279304   0.336601
-0.335817   -0.170958   0.323976
-0.177579   -0.174571   0.165177
-0.00160273   0.00477795   0.155324
-0.167824   0.0169481   0.315984
0.0113349   -0.172679   0.320476
0.184364   -0.164597   0.173375
0.317122   0.0171987   0.146237
0.153696   -0.0111454   0.3589
0.325896   -0.169   0.341306
-0.493833   0.161211   0.163502
-0.344019   0.348836   0.155209
0.48748   0.342372   0.320708
-0.34585   0.192747   0.32846
-0.184018   0.175892   0.156602
-2.44867e-005   0.340504   0.15317
-0.16148   0.321405   0.322302
-0.00585222   0.169064   0.332129
0.1446   0.175695   0.175026
0.338381   0.332127   0.157158
0.153272   0.329319   0.341272
0.341104   0.178611   0.327435
